c:\users\doffy\documents\visual studio 2015\projects\forwardingagencydb\forwardingagencydb\debug\vc140.pdb
c:\users\doffy\documents\visual studio 2015\projects\forwardingagencydb\forwardingagencydb\debug\vc140.idb
c:\users\doffy\documents\visual studio 2015\projects\forwardingagencydb\forwardingagencydb\debug\agreementtable.obj
c:\users\doffy\documents\visual studio 2015\projects\forwardingagencydb\forwardingagencydb\debug\backpack.obj
c:\users\doffy\documents\visual studio 2015\projects\forwardingagencydb\forwardingagencydb\debug\client.obj
c:\users\doffy\documents\visual studio 2015\projects\forwardingagencydb\forwardingagencydb\debug\clienttable.obj
c:\users\doffy\documents\visual studio 2015\projects\forwardingagencydb\forwardingagencydb\debug\database.obj
c:\users\doffy\documents\visual studio 2015\projects\forwardingagencydb\forwardingagencydb\debug\date.obj
c:\users\doffy\documents\visual studio 2015\projects\forwardingagencydb\forwardingagencydb\debug\employee.obj
c:\users\doffy\documents\visual studio 2015\projects\forwardingagencydb\forwardingagencydb\debug\employeetable.obj
c:\users\doffy\documents\visual studio 2015\projects\forwardingagencydb\forwardingagencydb\debug\interface.obj
c:\users\doffy\documents\visual studio 2015\projects\forwardingagencydb\forwardingagencydb\debug\main.obj
c:\users\doffy\documents\visual studio 2015\projects\forwardingagencydb\forwardingagencydb\debug\parcel.obj
c:\users\doffy\documents\visual studio 2015\projects\forwardingagencydb\forwardingagencydb\debug\parceltable.obj
c:\users\doffy\documents\visual studio 2015\projects\forwardingagencydb\forwardingagencydb\debug\person.obj
c:\users\doffy\documents\visual studio 2015\projects\forwardingagencydb\forwardingagencydb\debug\vehicle.obj
c:\users\doffy\documents\visual studio 2015\projects\forwardingagencydb\forwardingagencydb\debug\vehicletable.obj
c:\users\doffy\documents\visual studio 2015\projects\forwardingagencydb\forwardingagencydb\debug\forwardi.409b95ee.tlog\cl.command.1.tlog
c:\users\doffy\documents\visual studio 2015\projects\forwardingagencydb\forwardingagencydb\debug\forwardi.409b95ee.tlog\cl.read.1.tlog
c:\users\doffy\documents\visual studio 2015\projects\forwardingagencydb\forwardingagencydb\debug\forwardi.409b95ee.tlog\cl.write.1.tlog
